0 info it worked if it ends with ok
1 verbose cli [ '/Users/tjbenneche/.nvm/v0.11.10/bin/node',
1 verbose cli   '/Users/tjbenneche/.nvm/v0.11.10/bin/npm',
1 verbose cli   'install',
1 verbose cli   'http' ]
2 info using npm@1.3.22
3 info using node@v0.11.10
4 verbose cache add [ 'http', null ]
5 verbose cache add name=undefined spec="http" args=["http",null]
6 verbose parsed url { protocol: null,
6 verbose parsed url   slashes: null,
6 verbose parsed url   auth: null,
6 verbose parsed url   host: null,
6 verbose parsed url   port: null,
6 verbose parsed url   hostname: null,
6 verbose parsed url   hash: null,
6 verbose parsed url   search: null,
6 verbose parsed url   query: null,
6 verbose parsed url   pathname: 'http',
6 verbose parsed url   path: 'http',
6 verbose parsed url   href: 'http' }
7 silly lockFile 77b5f8e3-http http
8 verbose lock http /Users/tjbenneche/.npm/77b5f8e3-http.lock
9 silly lockFile 77b5f8e3-http http
10 silly lockFile 77b5f8e3-http http
11 verbose addNamed [ 'http', '' ]
12 verbose addNamed [ null, '*' ]
13 silly lockFile c1086ff9-http http@
14 verbose lock http@ /Users/tjbenneche/.npm/c1086ff9-http.lock
15 silly addNameRange { name: 'http', range: '*', hasData: false }
16 verbose url raw http
17 verbose url resolving [ 'https://registry.npmjs.org/', './http' ]
18 verbose url resolved https://registry.npmjs.org/http
19 info trying registry request attempt 1 at 11:01:20
20 http GET https://registry.npmjs.org/http
21 http 404 https://registry.npmjs.org/http
22 silly registry.get cb [ 404,
22 silly registry.get   { date: 'Sun, 12 Jan 2014 17:01:21 GMT',
22 silly registry.get     server: 'CouchDB/1.5.0 (Erlang OTP/R15B03)',
22 silly registry.get     'content-type': 'application/json',
22 silly registry.get     'cache-control': 'max-age=0',
22 silly registry.get     'content-length': '52',
22 silly registry.get     'accept-ranges': 'bytes',
22 silly registry.get     via: '1.1 varnish',
22 silly registry.get     age: '0',
22 silly registry.get     'x-served-by': 'cache-c32-CHI',
22 silly registry.get     'x-cache': 'MISS',
22 silly registry.get     'x-cache-hits': '0',
22 silly registry.get     'x-timer': 'S1389546081.017033339,VS0,VE41',
22 silly registry.get     connection: 'close' } ]
23 silly lockFile c1086ff9-http http@
24 silly lockFile c1086ff9-http http@
25 error 404 'http' is not in the npm registry.
25 error 404 You should bug the author to publish it
25 error 404
25 error 404 Note that you can also install from a
25 error 404 tarball, folder, or http url, or git url.
26 error System Darwin 13.0.0
27 error command "/Users/tjbenneche/.nvm/v0.11.10/bin/node" "/Users/tjbenneche/.nvm/v0.11.10/bin/npm" "install" "http"
28 error cwd /Users/tjbenneche/Documents/workspace/node-scraper
29 error node -v v0.11.10
30 error npm -v 1.3.22
31 error code E404
32 verbose exit [ 1, true ]
